<?xml version="1.0" encoding="UTF-8"?>
<testsuite name="TestOrder" tests="1" skipped="0" failures="0" errors="0" timestamp="2021-09-25T16:23:50" hostname="LAPTOP-PBV3KCEJ" time="0.121">
  <properties/>
  <testcase name="testCreateOrderFromOrderClass" classname="TestOrder" time="0.121"/>
  <system-out><![CDATA[]]></system-out>
  <system-err><![CDATA[]]></system-err>
</testsuite>
