<?xml version="1.0" encoding="UTF-8"?>
<testsuite name="TestDeleteCreateFromBasket" tests="2" skipped="0" failures="0" errors="0" timestamp="2021-09-25T16:23:49" hostname="LAPTOP-PBV3KCEJ" time="0.004">
  <properties/>
  <testcase name="testDeleteFromBasket" classname="TestDeleteCreateFromBasket" time="0.001"/>
  <testcase name="emptyBasketTest" classname="TestDeleteCreateFromBasket" time="0.002"/>
  <system-out><![CDATA[]]></system-out>
  <system-err><![CDATA[]]></system-err>
</testsuite>
