<?xml version="1.0" encoding="UTF-8"?>
<testsuite name="TestCheckValidData" tests="1" skipped="0" failures="0" errors="0" timestamp="2021-09-25T16:23:49" hostname="LAPTOP-PBV3KCEJ" time="0.001">
  <properties/>
  <testcase name="testCheckValidUserData" classname="TestCheckValidData" time="0.001"/>
  <system-out><![CDATA[]]></system-out>
  <system-err><![CDATA[]]></system-err>
</testsuite>
