<?xml version="1.0" encoding="UTF-8"?>
<testsuite name="TestChangeUserData" tests="3" skipped="0" failures="0" errors="0" timestamp="2021-09-25T16:23:49" hostname="LAPTOP-PBV3KCEJ" time="0.005">
  <properties/>
  <testcase name="testChangeAddress" classname="TestChangeUserData" time="0.001"/>
  <testcase name="testChangeName" classname="TestChangeUserData" time="0.0"/>
  <testcase name="testChangeAge" classname="TestChangeUserData" time="0.001"/>
  <system-out><![CDATA[]]></system-out>
  <system-err><![CDATA[]]></system-err>
</testsuite>
