<?xml version="1.0" encoding="UTF-8"?>
<testsuite name="TestProduct" tests="2" skipped="0" failures="0" errors="0" timestamp="2021-09-25T16:23:50" hostname="LAPTOP-PBV3KCEJ" time="0.001">
  <properties/>
  <testcase name="testGetProductMethod" classname="TestProduct" time="0.0"/>
  <testcase name="testIndex" classname="TestProduct" time="0.001"/>
  <system-out><![CDATA[]]></system-out>
  <system-err><![CDATA[]]></system-err>
</testsuite>
