<?xml version="1.0" encoding="UTF-8"?>
<testsuite name="TestMain" tests="1" skipped="0" failures="0" errors="0" timestamp="2021-09-25T16:23:50" hostname="LAPTOP-PBV3KCEJ" time="0.024">
  <properties/>
  <testcase name="testMain" classname="TestMain" time="0.024"/>
  <system-out><![CDATA[]]></system-out>
  <system-err><![CDATA[]]></system-err>
</testsuite>
