<?xml version="1.0" encoding="UTF-8"?>
<testsuite name="TestElectronicsShops" tests="4" skipped="0" failures="0" errors="0" timestamp="2021-09-25T16:23:49" hostname="LAPTOP-PBV3KCEJ" time="0.598">
  <properties/>
  <testcase name="testDeleteFromBasket" classname="TestElectronicsShops" time="0.533"/>
  <testcase name="testAddProducts" classname="TestElectronicsShops" time="0.046"/>
  <testcase name="testChangePersonalData" classname="TestElectronicsShops" time="0.015"/>
  <testcase name="testNewOrder" classname="TestElectronicsShops" time="0.001"/>
  <system-out><![CDATA[]]></system-out>
  <system-err><![CDATA[]]></system-err>
</testsuite>
